<?xml version="1.0" encoding="UTF-8"?>
<!-- Generated by org.testng.reporters.JUnitXMLReporter -->
<testsuite ignored="0" hostname="DESKTOP-HNBDBSE" failures="0" tests="5" name="Test" time="30.73" errors="0" timestamp="2021-04-19T11:51:55 IST">
  <testcase classname="lloydsTesting.tcs.Seleniumtest" name="printsel" time="14.352"/>
  <testcase classname="lloydsTesting.tcs.Seleniumtest" name="printsel" time="5.905"/>
  <testcase classname="lloydsTesting.tcs.Seleniumtest" name="printsel" time="10.35"/>
  <testcase classname="lloydsTesting.tcs.apiTest" name="printAPI" time="0.002"/>
  <testcase classname="lloydsTesting.tcs.Appiumtest" name="printsApp" time="0.003"/>
</testsuite> <!-- Test -->
