<?xml version="1.0" encoding="UTF-8"?>
<!-- Generated by org.testng.reporters.JUnitXMLReporter -->
<testsuite ignored="0" hostname="DESKTOP-HNBDBSE" failures="0" tests="5" name="Test" time="45.698" errors="0" timestamp="2021-04-19T12:47:48 IST">
  <testcase classname="lloydsTesting.tcs.Seleniumtest" name="printsel" time="4.046"/>
  <testcase classname="lloydsTesting.tcs.Seleniumtest" name="printsel" time="14.968"/>
  <testcase classname="lloydsTesting.tcs.Seleniumtest" name="printsel" time="19.754"/>
  <testcase classname="lloydsTesting.tcs.apiTest" name="printAPI" time="0.0"/>
  <testcase classname="lloydsTesting.tcs.Appiumtest" name="printsApp" time="0.0"/>
</testsuite> <!-- Test -->
