<?xml version="1.0" encoding="UTF-8"?>
<testng-results ignored="0" total="5" passed="5" failed="0" skipped="0">
  <reporter-output>
  </reporter-output>
  <suite started-at="2021-04-19T12:47:02 IST" name="Suite" finished-at="2021-04-19T12:47:48 IST" duration-ms="45698">
    <groups>
    </groups>
    <test started-at="2021-04-19T12:47:02 IST" name="Test" finished-at="2021-04-19T12:47:48 IST" duration-ms="45698">
      <class name="lloydsTesting.tcs.Seleniumtest">
        <test-method is-config="true" signature="initialize()[pri:0, instance:lloydsTesting.tcs.Seleniumtest@27508c5d]" started-at="2021-04-19T12:47:02 IST" name="initialize" finished-at="2021-04-19T12:47:08 IST" duration-ms="6541" status="PASS">
          <reporter-output>
          </reporter-output>
        </test-method> <!-- initialize -->
        <test-method signature="printsel(java.lang.String,java.lang.String)[pri:0, instance:lloydsTesting.tcs.Seleniumtest@27508c5d]" started-at="2021-04-19T12:47:09 IST" name="printsel" data-provider="getdata" finished-at="2021-04-19T12:47:13 IST" duration-ms="4046" status="PASS">
          <params>
            <param index="0">
              <value>
                <![CDATA[Asda@gmail.com]]>
              </value>
            </param>
            <param index="1">
              <value>
                <![CDATA[M]]>
              </value>
            </param>
          </params>
          <reporter-output>
          </reporter-output>
        </test-method> <!-- printsel -->
        <test-method signature="printsel(java.lang.String,java.lang.String)[pri:0, instance:lloydsTesting.tcs.Seleniumtest@27508c5d]" started-at="2021-04-19T12:47:13 IST" name="printsel" data-provider="getdata" finished-at="2021-04-19T12:47:28 IST" duration-ms="14968" status="PASS">
          <params>
            <param index="0">
              <value>
                <![CDATA[partha@gmail.com]]>
              </value>
            </param>
            <param index="1">
              <value>
                <![CDATA[M]]>
              </value>
            </param>
          </params>
          <reporter-output>
          </reporter-output>
        </test-method> <!-- printsel -->
        <test-method signature="printsel(java.lang.String,java.lang.String)[pri:0, instance:lloydsTesting.tcs.Seleniumtest@27508c5d]" started-at="2021-04-19T12:47:28 IST" name="printsel" data-provider="getdata" finished-at="2021-04-19T12:47:47 IST" duration-ms="19754" status="PASS">
          <params>
            <param index="0">
              <value>
                <![CDATA[Samsun@gmail.com]]>
              </value>
            </param>
            <param index="1">
              <value>
                <![CDATA[M]]>
              </value>
            </param>
          </params>
          <reporter-output>
          </reporter-output>
        </test-method> <!-- printsel -->
        <test-method is-config="true" signature="TestEnd()[pri:0, instance:lloydsTesting.tcs.Seleniumtest@27508c5d]" started-at="2021-04-19T12:47:47 IST" name="TestEnd" finished-at="2021-04-19T12:47:48 IST" duration-ms="270" status="PASS">
          <reporter-output>
          </reporter-output>
        </test-method> <!-- TestEnd -->
      </class> <!-- lloydsTesting.tcs.Seleniumtest -->
      <class name="lloydsTesting.tcs.Appiumtest">
        <test-method signature="printsApp()[pri:0, instance:lloydsTesting.tcs.Appiumtest@1acaf3d]" started-at="2021-04-19T12:47:47 IST" name="printsApp" finished-at="2021-04-19T12:47:47 IST" duration-ms="0" status="PASS">
          <reporter-output>
          </reporter-output>
        </test-method> <!-- printsApp -->
      </class> <!-- lloydsTesting.tcs.Appiumtest -->
      <class name="lloydsTesting.tcs.apiTest">
        <test-method signature="printAPI()[pri:0, instance:lloydsTesting.tcs.apiTest@1e81f160]" started-at="2021-04-19T12:47:47 IST" name="printAPI" finished-at="2021-04-19T12:47:47 IST" duration-ms="0" status="PASS">
          <reporter-output>
          </reporter-output>
        </test-method> <!-- printAPI -->
      </class> <!-- lloydsTesting.tcs.apiTest -->
    </test> <!-- Test -->
  </suite> <!-- Suite -->
</testng-results>
